2025-06-08 14:05:11.221828 - User: emma - Path: /chat
2025-06-08 14:05:25.303400 - User: emma - Path: /api/conversations
2025-06-08 14:05:25.442384 - User: emma - Path: /api/conversations/
2025-06-08 14:09:33.071032 - User: emma - Path: /api/conversations/
2025-06-08 14:09:35.599659 - User: emma - Path: /api/conversations/
2025-06-08 14:09:39.829590 - User: emma - Path: /api/conversations/
2025-06-08 14:09:50.568803 - User: emma - Path: /api/conversations/
2025-06-08 14:09:54.688846 - User: emma - Path: /api/conversations/
2025-06-08 14:10:33.522961 - User: emma - Path: /api/conversations/b8c6338e-3208-4385-b787-af8e6f697d16/messages
2025-06-08 14:10:33.651791 - User: emma - Path: /api/conversations/b8c6338e-3208-4385-b787-af8e6f697d16/messages/
2025-06-08 14:13:37.977867 - User: emma - Path: /api/conversations/b8c6338e-3208-4385-b787-af8e6f697d16/messages/
2025-06-08 14:50:22.273461 - User: emma - Path: /api/conversations/b8c6338e-3208-4385-b787-af8e6f697d16/messages/
2025-06-08 14:50:33.299569 - User: emma - Path: /api/conversations/b8c6338e-3208-4385-b787-af8e6f697d16
2025-06-08 14:50:33.486789 - User: emma - Path: /api/conversations/b8c6338e-3208-4385-b787-af8e6f697d16/
2025-06-08 15:22:14.422690 - User: emma - Path: /api/conversations/
2025-06-08 15:23:45.824922 - User: emma - Path: /api/conversations/b8c6338e-3208-4385-b787-af8e6f697d16/messages/
2025-06-08 15:24:59.205880 - User: emma - Path: /api/conversations/b8c6338e-3208-4385-b787-af8e6f697d16/messages/
2025-06-08 15:32:07.574156 - User: emma - Path: /api/conversations/b8c6338e-3208-4385-b787-af8e6f697d16/messages/
2025-06-08 15:32:21.308942 - User: emma - Path: /api/
2025-06-08 15:32:24.381973 - User: emma - Path: /api/
2025-06-08 15:32:42.345982 - User: emma - Path: /api/conversations/b8c6338e-3208-4385-b787-af8e6f697d16/messages/
2025-06-08 15:33:53.908015 - User: emma - Path: /api/conversations/b8c6338e-3208-4385-b787-af8e6f697d16/messages/
2025-06-08 15:34:41.434783 - User: emma - Path: /api/conversations/b8c6338e-3208-4385-b787-af8e6f697d16/messages/
2025-06-08 15:35:05.489866 - User: emma - Path: /api/conversations/b8c6338e-3208-4385-b787-af8e6f697d16/messages/
